AutoResponder/app/build/outputs/logs/manifest-merger-debug-report.txt
-- Merging decision tree log ---
manifest
ADDED from src\main\AndroidManifest.xml:2:1-42:12
	xmlns:android
		ADDED from src\main\AndroidManifest.xml:2:11-69
	package
		ADDED from src\main\AndroidManifest.xml:3:7-47
		INJECTED from src\main\AndroidManifest.xml
		INJECTED from src\main\AndroidManifest.xml
	android:versionName
		ADDED from src\main\AndroidManifest.xml:5:7-34
		INJECTED from src\main\AndroidManifest.xml
		INJECTED from src\main\AndroidManifest.xml
	android:versionCode
		ADDED from src\main\AndroidManifest.xml:4:7-30
		INJECTED from src\main\AndroidManifest.xml
		INJECTED from src\main\AndroidManifest.xml
application
ADDED from src\main\AndroidManifest.xml:6:5-34:16
MERGED from [com.android.support:design:23.1.1] AndroidManifest.xml:22:5-20
MERGED from [com.android.support:appcompat-v7:23.1.1] AndroidManifest.xml:22:5-20
MERGED from [com.android.support:support-v4:23.1.1] AndroidManifest.xml:22:5-20
MERGED from [com.android.support:support-v4:23.1.1] AndroidManifest.xml:22:5-20
MERGED from [com.android.support:support-v4:23.1.1] AndroidManifest.xml:22:5-20
MERGED from [com.android.support:appcompat-v7:23.1.1] AndroidManifest.xml:22:5-20
MERGED from [com.android.support:support-v4:23.1.1] AndroidManifest.xml:22:5-20
	android:label
		ADDED from src\main\AndroidManifest.xml:6:48-80
	android:icon
		ADDED from src\main\AndroidManifest.xml:6:18-47
activity#net.swierczynski.autoresponder.Splash
ADDED from src\main\AndroidManifest.xml:7:9-13:20
	android:label
		ADDED from src\main\AndroidManifest.xml:8:13-45
	android:name
		ADDED from src\main\AndroidManifest.xml:7:19-41
intent-filter#android.intent.action.MAIN+android.intent.category.LAUNCHER
ADDED from src\main\AndroidManifest.xml:9:13-12:29
action#android.intent.action.MAIN
ADDED from src\main\AndroidManifest.xml:10:17-69
	android:name
		ADDED from src\main\AndroidManifest.xml:10:25-66
category#android.intent.category.LAUNCHER
ADDED from src\main\AndroidManifest.xml:11:17-77
	android:name
		ADDED from src\main\AndroidManifest.xml:11:27-74
activity#net.swierczynski.autoresponder.AutoResponder
ADDED from src\main\AndroidManifest.xml:14:9-20:20
	android:label
		ADDED from src\main\AndroidManifest.xml:15:13-45
	android:name
		ADDED from src\main\AndroidManifest.xml:14:19-48
intent-filter#android.intent.action.AUTORESPONDER+android.intent.category.DEFAULT
ADDED from src\main\AndroidManifest.xml:16:13-19:29
action#android.intent.action.AUTORESPONDER
ADDED from src\main\AndroidManifest.xml:17:17-78
	android:name
		ADDED from src\main\AndroidManifest.xml:17:25-75
category#android.intent.category.DEFAULT
ADDED from src\main\AndroidManifest.xml:18:17-76
	android:name
		ADDED from src\main\AndroidManifest.xml:18:27-73
activity#net.swierczynski.autoresponder.preferences.UserPreferences
ADDED from src\main\AndroidManifest.xml:22:9-24:20
	android:label
		ADDED from src\main\AndroidManifest.xml:23:7-34
	android:name
		ADDED from src\main\AndroidManifest.xml:22:19-62
activity#net.swierczynski.autoresponder.About
ADDED from src\main\AndroidManifest.xml:26:9-28:20
	android:label
		ADDED from src\main\AndroidManifest.xml:27:7-28
	android:name
		ADDED from src\main\AndroidManifest.xml:26:19-40
service#net.swierczynski.autoresponder.AutoResponderService
ADDED from src\main\AndroidManifest.xml:31:9-57
	android:name
		ADDED from src\main\AndroidManifest.xml:31:18-54
service#net.swierczynski.autoresponder.history.SentSmsLogger
ADDED from src\main\AndroidManifest.xml:32:9-58
	android:name
		ADDED from src\main\AndroidManifest.xml:32:18-55
uses-sdk
ADDED from src\main\AndroidManifest.xml:35:5-44
MERGED from [com.android.support:design:23.1.1] AndroidManifest.xml:20:5-43
MERGED from [com.android.support:appcompat-v7:23.1.1] AndroidManifest.xml:20:5-43
MERGED from [com.android.support:support-v4:23.1.1] AndroidManifest.xml:20:5-43
MERGED from [com.android.support:recyclerview-v7:23.1.1] AndroidManifest.xml:20:5-43
MERGED from [com.android.support:support-v4:23.1.1] AndroidManifest.xml:20:5-43
MERGED from [com.android.support:support-v4:23.1.1] AndroidManifest.xml:20:5-43
MERGED from [com.android.support:appcompat-v7:23.1.1] AndroidManifest.xml:20:5-43
MERGED from [com.android.support:support-v4:23.1.1] AndroidManifest.xml:20:5-43
	android:targetSdkVersion
		INJECTED from src\main\AndroidManifest.xml
		INJECTED from src\main\AndroidManifest.xml
	android:minSdkVersion
		ADDED from src\main\AndroidManifest.xml:35:15-41
		INJECTED from src\main\AndroidManifest.xml
		INJECTED from src\main\AndroidManifest.xml
uses-permission#android.permission.RECEIVE_SMS
ADDED from src\main\AndroidManifest.xml:37:1-82
	android:name
		ADDED from src\main\AndroidManifest.xml:37:18-63
uses-permission#android.permission.SEND_SMS
ADDED from src\main\AndroidManifest.xml:38:1-79
	android:name
		ADDED from src\main\AndroidManifest.xml:38:18-60
uses-permission#android.permission.READ_PHONE_STATE
ADDED from src\main\AndroidManifest.xml:39:1-87
	android:name
		ADDED from src\main\AndroidManifest.xml:39:18-68
uses-permission#android.permission.READ_SMS
ADDED from src\main\AndroidManifest.xml:40:1-79
	android:name
		ADDED from src\main\AndroidManifest.xml:40:18-60
uses-permission#android.permission.WRITE_SMS
ADDED from src\main\AndroidManifest.xml:41:1-80
	android:name
		ADDED from src\main\AndroidManifest.xml:41:18-61